INFO:unicorn_binance_websocket_api:New instance of unicorn-binance-websocket-api_1.40.7-python_3.9.5 on Windows 10 for exchange binance.com started ...
INFO:unicorn_binance_websocket_api:Initiating `colorama_0.4.4`
INFO:unicorn_binance_websocket_api:Using `websockets_10.2`
INFO:unicorn_binance_websocket_api:Using `stream_buffer`
INFO:unicorn_binance_websocket_api:Using `stream_signal_buffer`
INFO:unicorn_binance_websocket_api:BinanceWebSocketApiManager._frequent_checks() new instance created with frequent_checks_id=1648700007.839861
INFO:unicorn_binance_websocket_api:BinanceWebSocketApiManager._keepalive_streams() new instance created with keepalive_streams_id=1648700007.8408623
INFO:unicorn_binance_websocket_api:BinanceWebSocketApiManager.create_stream(['depth'], ['btcusdt', 'ethusdt', 'dogeusdt', 'bnbusdt', 'adausdt', 'aaveusdt'], None, False, False) with stream_id=f1b83d04c19a-0cee-4bcf-782e-e9b3a448
INFO:unicorn_binance_websocket_api:BinanceWebSocketApiManager._add_stream_to_stream_list(f1b83d04c19a-0cee-4bcf-782e-e9b3a448, ['depth'], ['btcusdt', 'ethusdt', 'dogeusdt', 'bnbusdt', 'adausdt', 'aaveusdt'], None, False, None, False)
INFO:unicorn_binance_websocket_api:BinanceWebSocketApiSocket.start_socket(f1b83d04c19a-0cee-4bcf-782e-e9b3a448, ['depth'], ['btcusdt', 'ethusdt', 'dogeusdt', 'bnbusdt', 'adausdt', 'aaveusdt']) socket_id=b44daa76-cf5d-4fef-9b1f-688e5bc7e65d recent_socket_id=b44daa76-cf5d-4fef-9b1f-688e5bc7e65d
INFO:unicorn_binance_websocket_api:BinanceWebSocketApiManager.subscribe_to_stream(f1b83d04c19a-0cee-4bcf-782e-e9b3a448, ['depth'], ['btcusdt', 'ethusdt', 'dogeusdt', 'bnbusdt', 'adausdt', 'aaveusdt']) started ...
INFO:unicorn_binance_websocket_api:BinanceWebSocketApiManager.create_payload(f1b83d04c19a-0cee-4bcf-782e-e9b3a448, ['depth'], ['bnbusdt', 'adausdt', 'aaveusdt', 'ethusdt', 'dogeusdt', 'btcusdt']) started ...
INFO:unicorn_binance_websocket_api:BinanceWebSocketApiManager.create_payload(f1b83d04c19a-0cee-4bcf-782e-e9b3a448, ['depth'], ['bnbusdt', 'adausdt', 'aaveusdt', 'ethusdt', 'dogeusdt', 'btcusdt']) - Payload: [{'method': 'SUBSCRIBE', 'params': ['bnbusdt@depth', 'ethusdt@depth', 'aaveusdt@depth', 'adausdt@depth', 'btcusdt@depth', 'dogeusdt@depth'], 'id': 1}]
INFO:unicorn_binance_websocket_api:BinanceWebSocketApiManager.create_payload(f1b83d04c19a-0cee-4bcf-782e-e9b3a448, ['depth'], ['bnbusdt', 'adausdt', 'aaveusdt', 'ethusdt', 'dogeusdt', 'btcusdt']) finished ...
INFO:unicorn_binance_websocket_api:BinanceWebSocketApiManager.subscribe_to_stream(f1b83d04c19a-0cee-4bcf-782e-e9b3a448, ['depth'], ['btcusdt', 'ethusdt', 'dogeusdt', 'bnbusdt', 'adausdt', 'aaveusdt']) finished ...
INFO:unicorn_binance_websocket_api:BinanceWebSocketApiManager.create_websocket_uri(['depth'], ['btcusdt', 'ethusdt', 'dogeusdt', 'bnbusdt', 'adausdt', 'aaveusdt'], , False) - Created websocket URI for stream_id=f1b83d04c19a-0cee-4bcf-782e-e9b3a448 is wss://stream.binance.com:9443/stream?streams=aaveusdt@depth
INFO:unicorn_binance_websocket_api:BinanceWebSocketApiSocket.start_socket(f1b83d04c19a-0cee-4bcf-782e-e9b3a448, ['depth'], ['btcusdt', 'ethusdt', 'dogeusdt', 'bnbusdt', 'adausdt', 'aaveusdt'] socket_id=b44daa76-cf5d-4fef-9b1f-688e5bc7e65d recent_socket_id=b44daa76-cf5d-4fef-9b1f-688e5bc7e65d - Sending payload started ...
INFO:unicorn_binance_websocket_api:BinanceWebSocketApiSocket.start_socket(f1b83d04c19a-0cee-4bcf-782e-e9b3a448, ['depth'], ['btcusdt', 'ethusdt', 'dogeusdt', 'bnbusdt', 'adausdt', 'aaveusdt'] - Sending payload: {'method': 'SUBSCRIBE', 'params': ['bnbusdt@depth', 'ethusdt@depth', 'aaveusdt@depth', 'adausdt@depth', 'btcusdt@depth', 'dogeusdt@depth'], 'id': 1}
INFO:unicorn_binance_websocket_api:BinanceWebSocketApiSocket.start_socket(f1b83d04c19a-0cee-4bcf-782e-e9b3a448) - Received result message: {"result":null,"id":1}
INFO:unicorn_binance_websocket_api:BinanceWebSocketApiManager._frequent_checks() - reached new `highest_receiving_speed` 5.12 kB/s at 2022-03-31, 04:13:31 UTC
ERROR:root:Таблица обновлена1
ERROR:root:Таблица обновлена2
ERROR:root:Таблица обновлена2
ERROR:root:Таблица обновлена1
ERROR:root:Таблица обновлена1
ERROR:root:Таблица обновлена1
ERROR:root:Таблица обновлена1
ERROR:root:Таблица обновлена1
ERROR:root:Таблица обновлена2
ERROR:root:Таблица обновлена1
ERROR:root:Таблица обновлена1
INFO:unicorn_binance_websocket_api:BinanceWebSocketApiManager._frequent_checks() - reached new `highest_receiving_speed` 5.2 kB/s at 2022-03-31, 04:13:34 UTC
ERROR:root:Таблица обновлена2
ERROR:root:Таблица обновлена2
ERROR:root:Таблица обновлена2
ERROR:root:Таблица обновлена1
ERROR:root:Таблица обновлена1
ERROR:root:Таблица обновлена2
ERROR:root:Таблица обновлена2
INFO:unicorn_binance_websocket_api:BinanceWebSocketApiManager._frequent_checks() - reached new `highest_receiving_speed` 5.28 kB/s at 2022-03-31, 04:13:35 UTC
ERROR:root:Таблица обновлена1
ERROR:root:Таблица обновлена2
ERROR:root:Таблица обновлена2
ERROR:root:Таблица обновлена2
ERROR:root:Таблица обновлена2
ERROR:root:Таблица обновлена1
ERROR:root:Таблица обновлена2
ERROR:root:Таблица обновлена1
ERROR:root:Таблица обновлена1
ERROR:root:Таблица обновлена1
ERROR:root:Таблица обновлена1
ERROR:root:Таблица обновлена1
ERROR:root:Таблица обновлена2
ERROR:root:Таблица обновлена1
ERROR:root:Таблица обновлена1
ERROR:root:Таблица обновлена1
ERROR:root:Таблица обновлена1
ERROR:root:Таблица обновлена1
ERROR:root:Таблица обновлена1
ERROR:root:Таблица обновлена1
ERROR:root:Таблица обновлена1
ERROR:root:Таблица обновлена1
ERROR:root:Таблица обновлена1
ERROR:root:Таблица обновлена1
ERROR:root:Таблица обновлена1
ERROR:root:Таблица обновлена1
ERROR:root:Таблица обновлена1
ERROR:root:Таблица обновлена2
ERROR:root:Таблица обновлена1
ERROR:root:Таблица обновлена1
ERROR:root:Таблица обновлена2
ERROR:root:Таблица обновлена2
ERROR:root:Таблица обновлена2
ERROR:root:Таблица обновлена1
ERROR:root:Таблица обновлена2
ERROR:root:Таблица обновлена2
ERROR:root:Таблица обновлена2
ERROR:root:Таблица обновлена2
ERROR:root:Таблица обновлена1
ERROR:root:Таблица обновлена1
ERROR:root:Таблица обновлена1
ERROR:root:Таблица обновлена2
ERROR:root:Таблица обновлена1
ERROR:root:Таблица обновлена1
ERROR:root:Таблица обновлена1
ERROR:root:Таблица обновлена1
ERROR:root:Таблица обновлена1
ERROR:root:Таблица обновлена1
ERROR:root:Таблица обновлена1
ERROR:root:Таблица обновлена1
ERROR:root:Таблица обновлена1
ERROR:root:Таблица обновлена1
ERROR:root:Таблица обновлена1
ERROR:root:Таблица обновлена1
ERROR:root:Таблица обновлена1
ERROR:root:Таблица обновлена1
ERROR:root:Таблица обновлена1
ERROR:root:Таблица обновлена1
ERROR:root:Таблица обновлена1
ERROR:root:Таблица обновлена1
ERROR:root:Таблица обновлена1
ERROR:root:Таблица обновлена1
ERROR:root:Таблица обновлена1
ERROR:root:Таблица обновлена1
ERROR:root:Таблица обновлена1
ERROR:root:Таблица обновлена1
ERROR:root:Таблица обновлена2
ERROR:root:Таблица обновлена1
ERROR:root:Таблица обновлена1
ERROR:root:Таблица обновлена1
ERROR:root:Таблица обновлена1
ERROR:root:Таблица обновлена1
ERROR:root:Таблица обновлена1
ERROR:root:Таблица обновлена1
ERROR:root:Таблица обновлена1
ERROR:root:Таблица обновлена1
ERROR:root:Таблица обновлена2
ERROR:root:Таблица обновлена2
ERROR:root:Таблица обновлена1
ERROR:root:Таблица обновлена1
ERROR:root:Таблица обновлена1
ERROR:root:Таблица обновлена1
ERROR:root:Таблица обновлена1
ERROR:root:Таблица обновлена2
ERROR:root:Таблица обновлена1
ERROR:root:Таблица обновлена2
ERROR:root:Таблица обновлена1
ERROR:root:Таблица обновлена1
ERROR:root:Таблица обновлена1
ERROR:root:Таблица обновлена1
ERROR:root:Таблица обновлена1
ERROR:root:Таблица обновлена2
ERROR:root:Таблица обновлена1
ERROR:root:Таблица обновлена1
ERROR:root:Таблица обновлена2
ERROR:root:Таблица обновлена1
ERROR:root:Таблица обновлена2
ERROR:root:Таблица обновлена1
ERROR:root:Таблица обновлена1
ERROR:root:Таблица обновлена1
ERROR:root:Таблица обновлена2
ERROR:root:Таблица обновлена2
ERROR:root:Таблица обновлена1
ERROR:root:Таблица обновлена1
ERROR:root:Таблица обновлена1
ERROR:root:Таблица обновлена1
ERROR:root:Таблица обновлена1
ERROR:root:Таблица обновлена2
ERROR:root:Таблица обновлена1
INFO:unicorn_binance_websocket_api:BinanceWebSocketApiManager._frequent_checks() - reached new `highest_receiving_speed` 6.38 kB/s at 2022-03-31, 04:13:57 UTC
ERROR:root:Таблица обновлена2
ERROR:root:Таблица обновлена2
ERROR:root:Таблица обновлена1
ERROR:root:Таблица обновлена1
ERROR:root:Таблица обновлена1
ERROR:root:Таблица обновлена1
ERROR:root:Таблица обновлена1
ERROR:root:Таблица обновлена1
INFO:unicorn_binance_websocket_api:BinanceWebSocketApiManager._frequent_checks() - reached new `highest_receiving_speed` 8.1 kB/s at 2022-03-31, 04:13:58 UTC
ERROR:root:Таблица обновлена1
ERROR:root:Таблица обновлена2
INFO:unicorn_binance_websocket_api:BinanceWebSocketApiManager._frequent_checks() - reached new `highest_receiving_speed` 10.97 kB/s at 2022-03-31, 04:13:59 UTC
ERROR:root:Таблица обновлена1
ERROR:root:Таблица обновлена2
ERROR:root:Таблица обновлена2
ERROR:root:Таблица обновлена2
ERROR:root:Таблица обновлена1
ERROR:root:Таблица обновлена1
ERROR:root:Таблица обновлена1
ERROR:root:Таблица обновлена1
ERROR:root:Таблица обновлена1
ERROR:root:Таблица обновлена1
ERROR:root:Таблица обновлена1
ERROR:root:Таблица обновлена2
ERROR:root:Таблица обновлена2
ERROR:root:Таблица обновлена1
ERROR:root:Таблица обновлена1
ERROR:root:Таблица обновлена2
ERROR:root:Таблица обновлена2
ERROR:root:Таблица обновлена2
ERROR:root:Таблица обновлена2
ERROR:root:Таблица обновлена1
ERROR:root:Таблица обновлена1
ERROR:root:Таблица обновлена2
ERROR:root:Таблица обновлена1
ERROR:root:Таблица обновлена1
ERROR:root:Таблица обновлена2
ERROR:root:Таблица обновлена1
ERROR:root:Таблица обновлена1
ERROR:root:Таблица обновлена1
ERROR:root:Таблица обновлена1
ERROR:root:Таблица обновлена1
ERROR:root:Таблица обновлена2
ERROR:root:Таблица обновлена1
ERROR:root:Таблица обновлена1
ERROR:root:Таблица обновлена1
ERROR:root:Таблица обновлена1
ERROR:root:Таблица обновлена1
ERROR:root:Таблица обновлена1
ERROR:root:Таблица обновлена1
ERROR:root:Таблица обновлена1
ERROR:root:Таблица обновлена1
ERROR:root:Таблица обновлена1
ERROR:root:Таблица обновлена1
ERROR:root:Таблица обновлена2
ERROR:root:Таблица обновлена2
ERROR:root:Таблица обновлена2
ERROR:root:Таблица обновлена1
ERROR:root:Таблица обновлена1
ERROR:root:Таблица обновлена1
ERROR:root:Таблица обновлена2
ERROR:root:Таблица обновлена1
ERROR:root:Таблица обновлена2
ERROR:root:Таблица обновлена2
ERROR:root:Таблица обновлена2
ERROR:root:Таблица обновлена2
ERROR:root:Таблица обновлена2
ERROR:root:Таблица обновлена1
ERROR:root:Таблица обновлена1
ERROR:root:Таблица обновлена1
ERROR:root:Таблица обновлена1
ERROR:root:Таблица обновлена2
ERROR:root:Таблица обновлена2
ERROR:root:Таблица обновлена2
ERROR:root:Таблица обновлена1
ERROR:root:Таблица обновлена1
ERROR:root:Таблица обновлена2
ERROR:root:Таблица обновлена2
ERROR:root:Таблица обновлена1
ERROR:root:Таблица обновлена1
ERROR:root:Таблица обновлена2
ERROR:root:Таблица обновлена1
ERROR:root:Таблица обновлена2
ERROR:root:Таблица обновлена2
ERROR:root:Таблица обновлена1
ERROR:root:Таблица обновлена1
ERROR:root:Таблица обновлена1
ERROR:root:Таблица обновлена2
ERROR:root:Таблица обновлена2
ERROR:root:Таблица обновлена2
ERROR:root:Таблица обновлена1
ERROR:root:Таблица обновлена2
ERROR:root:Таблица обновлена2
ERROR:root:Таблица обновлена1
ERROR:root:Таблица обновлена2
ERROR:root:Таблица обновлена1
ERROR:root:Таблица обновлена1
ERROR:root:Таблица обновлена2
ERROR:root:Таблица обновлена2
ERROR:root:Таблица обновлена2
ERROR:root:Таблица обновлена2
ERROR:root:Таблица обновлена2
ERROR:root:Таблица обновлена1
ERROR:root:Таблица обновлена1
ERROR:root:Таблица обновлена1
ERROR:root:Таблица обновлена1
ERROR:root:Таблица обновлена1
ERROR:root:Таблица обновлена1
ERROR:root:Таблица обновлена1
ERROR:root:Таблица обновлена1
ERROR:root:Таблица обновлена1
ERROR:root:Таблица обновлена1
ERROR:root:Таблица обновлена1
ERROR:root:Таблица обновлена1
ERROR:root:Таблица обновлена2
ERROR:root:Таблица обновлена1
ERROR:root:Таблица обновлена2
ERROR:root:Таблица обновлена1
ERROR:root:Таблица обновлена1
ERROR:root:Таблица обновлена2
ERROR:root:Таблица обновлена2
ERROR:root:Таблица обновлена1
ERROR:root:Таблица обновлена2
ERROR:root:Таблица обновлена2
ERROR:root:Таблица обновлена1
ERROR:root:Таблица обновлена1
